# JRE version: OpenJDK Runtime Environment Temurin-17+35 (17.0+35) (build 17+35)
# Java VM: OpenJDK 64-Bit Server VM Temurin-17+35 (17+35, mixed mode, emulated-client, tiered, compressed oops, compressed class ptrs, g1 gc, linux-amd64)
GC Precious Log:
 CPUs: 6 total, 6 available
 Memory: 7772M
 Large Page Support: Disabled
 NUMA Support: Disabled
 Compressed Oops: Enabled (32-bit)
 Heap Region Size: 1M
 Heap Min Capacity: 8M
 Heap Initial Capacity: 122M
 Heap Max Capacity: 1944M
 Pre-touch: Disabled
 Parallel Workers: 6
 Concurrent Workers: 2
 Concurrent Refinement Workers: 6
 Periodic GC: Disabled
Heap:
 garbage-first heap   total 227328K, used 15511K [0x0000000086800000, 0x0000000100000000)
  region size 1024K, 1 young (1024K), 1 survivors (1024K)
 Metaspace       used 34690K, committed 35072K, reserved 1081344K
  class space    used 4345K, committed 4544K, reserved 1048576K
GC Heap History (20 events):
Event: 214.329 GC heap after
{Heap after GC invocations=20 (full 0):
 garbage-first heap   total 75776K, used 15361K [0x0000000086800000, 0x0000000100000000)
  region size 1024K, 1 young (1024K), 1 survivors (1024K)
 Metaspace       used 34242K, committed 34560K, reserved 1081344K
  class space    used 4305K, committed 4416K, reserved 1048576K
}
Event: 215.347 GC heap before
{Heap before GC invocations=20 (full 0):
 garbage-first heap   total 75776K, used 16385K [0x0000000086800000, 0x0000000100000000)
  region size 1024K, 3 young (3072K), 1 survivors (1024K)
 Metaspace       used 34242K, committed 34560K, reserved 1081344K
  class space    used 4305K, committed 4416K, reserved 1048576K
}
Event: 215.349 GC heap after
{Heap after GC invocations=21 (full 0):
 garbage-first heap   total 75776K, used 15312K [0x0000000086800000, 0x0000000100000000)
  region size 1024K, 1 young (1024K), 1 survivors (1024K)
 Metaspace       used 34242K, committed 34560K, reserved 1081344K
  class space    used 4305K, committed 4416K, reserved 1048576K
}
Event: 215.508 GC heap before
{Heap before GC invocations=21 (full 0):
 garbage-first heap   total 75776K, used 16336K [0x0000000086800000, 0x0000000100000000)
  region size 1024K, 3 young (3072K), 1 survivors (1024K)
 Metaspace       used 34242K, committed 34560K, reserved 1081344K
  class space    used 4305K, committed 4416K, reserved 1048576K
}
Event: 216.719 GC heap after
{Heap after GC invocations=22 (full 0):
 garbage-first heap   total 75776K, used 15326K [0x0000000086800000, 0x0000000100000000)
  region size 1024K, 1 young (1024K), 1 survivors (1024K)
 Metaspace       used 34242K, committed 34560K, reserved 1081344K
  class space    used 4305K, committed 4416K, reserved 1048576K
}
Event: 216.870 GC heap before
{Heap before GC invocations=22 (full 0):
 garbage-first heap   total 75776K, used 16350K [0x0000000086800000, 0x0000000100000000)
  region size 1024K, 3 young (3072K), 1 survivors (1024K)
 Metaspace       used 34242K, committed 34560K, reserved 1081344K
  class space    used 4305K, committed 4416K, reserved 1048576K
}
Event: 216.871 GC heap after
{Heap after GC invocations=23 (full 0):
 garbage-first heap   total 75776K, used 15323K [0x0000000086800000, 0x0000000100000000)
  region size 1024K, 1 young (1024K), 1 survivors (1024K)
 Metaspace       used 34242K, committed 34560K, reserved 1081344K
  class space    used 4305K, committed 4416K, reserved 1048576K
}
Event: 216.872 GC heap before
{Heap before GC invocations=23 (full 0):
 garbage-first heap   total 75776K, used 16347K [0x0000000086800000, 0x0000000100000000)
  region size 1024K, 3 young (3072K), 1 survivors (1024K)
 Metaspace       used 34242K, committed 34560K, reserved 1081344K
  class space    used 4305K, committed 4416K, reserved 1048576K
}
Event: 216.872 GC heap after
{Heap after GC invocations=24 (full 0):
 garbage-first heap   total 75776K, used 15325K [0x0000000086800000, 0x0000000100000000)
  region size 1024K, 1 young (1024K), 1 survivors (1024K)
 Metaspace       used 34242K, committed 34560K, reserved 1081344K
  class space    used 4305K, committed 4416K, reserved 1048576K
}
Event: 216.873 GC heap before
{Heap before GC invocations=24 (full 0):
 garbage-first heap   total 75776K, used 16349K [0x0000000086800000, 0x0000000100000000)
  region size 1024K, 3 young (3072K), 1 survivors (1024K)
 Metaspace       used 34242K, committed 34560K, reserved 1081344K
  class space    used 4305K, committed 4416K, reserved 1048576K
}
Event: 216.875 GC heap after
{Heap after GC invocations=25 (full 0):
 garbage-first heap   total 227328K, used 15327K [0x0000000086800000, 0x0000000100000000)
  region size 1024K, 1 young (1024K), 1 survivors (1024K)
 Metaspace       used 34242K, committed 34560K, reserved 1081344K
  class space    used 4305K, committed 4416K, reserved 1048576K
}
Event: 242.485 GC heap before
{Heap before GC invocations=25 (full 0):
 garbage-first heap   total 227328K, used 24543K [0x0000000086800000, 0x0000000100000000)
  region size 1024K, 11 young (11264K), 1 survivors (1024K)
 Metaspace       used 34339K, committed 34624K, reserved 1081344K
  class space    used 4315K, committed 4416K, reserved 1048576K
}
Event: 245.532 GC heap after
{Heap after GC invocations=26 (full 0):
 garbage-first heap   total 227328K, used 15458K [0x0000000086800000, 0x0000000100000000)
  region size 1024K, 1 young (1024K), 1 survivors (1024K)
 Metaspace       used 34339K, committed 34624K, reserved 1081344K
  class space    used 4315K, committed 4416K, reserved 1048576K
}
Event: 263.244 GC heap before
{Heap before GC invocations=26 (full 0):
 garbage-first heap   total 227328K, used 24674K [0x0000000086800000, 0x0000000100000000)
  region size 1024K, 11 young (11264K), 1 survivors (1024K)
 Metaspace       used 34690K, committed 35072K, reserved 1081344K
  class space    used 4345K, committed 4544K, reserved 1048576K
}
Event: 264.185 GC heap after
{Heap after GC invocations=27 (full 0):
 garbage-first heap   total 227328K, used 15618K [0x0000000086800000, 0x0000000100000000)
  region size 1024K, 1 young (1024K), 1 survivors (1024K)
 Metaspace       used 34690K, committed 35072K, reserved 1081344K
  class space    used 4345K, committed 4544K, reserved 1048576K
}
Event: 264.235 GC heap before
{Heap before GC invocations=27 (full 0):
 garbage-first heap   total 227328K, used 24834K [0x0000000086800000, 0x0000000100000000)
  region size 1024K, 11 young (11264K), 1 survivors (1024K)
 Metaspace       used 34690K, committed 35072K, reserved 1081344K
  class space    used 4345K, committed 4544K, reserved 1048576K
}
Event: 264.237 GC heap after
{Heap after GC invocations=28 (full 0):
 garbage-first heap   total 227328K, used 15642K [0x0000000086800000, 0x0000000100000000)
  region size 1024K, 1 young (1024K), 1 survivors (1024K)
 Metaspace       used 34690K, committed 35072K, reserved 1081344K
  class space    used 4345K, committed 4544K, reserved 1048576K
}
Event: 264.241 GC heap before
{Heap before GC invocations=28 (full 0):
 garbage-first heap   total 227328K, used 24858K [0x0000000086800000, 0x0000000100000000)
  region size 1024K, 11 young (11264K), 1 survivors (1024K)
 Metaspace       used 34690K, committed 35072K, reserved 1081344K
  class space    used 4345K, committed 4544K, reserved 1048576K
}
Event: 264.242 GC heap after
{Heap after GC invocations=29 (full 0):
 garbage-first heap   total 227328K, used 15657K [0x0000000086800000, 0x0000000100000000)
  region size 1024K, 1 young (1024K), 1 survivors (1024K)
 Metaspace       used 34690K, committed 35072K, reserved 1081344K
  class space    used 4345K, committed 4544K, reserved 1048576K
}
Event: 268.173 GC heap before
{Heap before GC invocations=29 (full 0):
 garbage-first heap   total 227328K, used 24873K [0x0000000086800000, 0x0000000100000000)
  region size 1024K, 11 young (11264K), 1 survivors (1024K)
 Metaspace       used 34690K, committed 35072K, reserved 1081344K
  class space    used 4345K, committed 4544K, reserved 1048576K
}

